Flow report for svm
Tue Aug 27 14:40:08 2019
Quartus II 64-Bit Version 13.0.1 Build 232 06/12/2013 Service Pack 1 SJ Web Edition


---------------------
; Table of Contents ;
---------------------
  1. Legal Notice
  2. Flow Summary
  3. Flow Settings
  4. Flow Non-Default Global Settings
  5. Flow Elapsed Time
  6. Flow OS Summary
  7. Flow Log
  8. Flow Messages
  9. Flow Suppressed Messages



----------------
; Legal Notice ;
----------------
Copyright (C) 1991-2013 Altera Corporation
Your use of Altera Corporation's design tools, logic functions 
and other software and tools, and its AMPP partner logic 
functions, and any output files from any of the foregoing 
(including device programming or simulation files), and any 
associated documentation or information are expressly subject 
to the terms and conditions of the Altera Program License 
Subscription Agreement, Altera MegaCore Function License 
Agreement, or other applicable license agreement, including, 
without limitation, that your use is for the sole purpose of 
programming logic devices manufactured by Altera and sold by 
Altera or its authorized distributors.  Please refer to the 
applicable agreement for further details.



+--------------------------------------------------------------------------------------+
; Flow Summary                                                                         ;
+------------------------------------+-------------------------------------------------+
; Flow Status                        ; Successful - Tue Aug 27 14:40:08 2019           ;
; Quartus II 64-Bit Version          ; 13.0.1 Build 232 06/12/2013 SP 1 SJ Web Edition ;
; Revision Name                      ; svm                                             ;
; Top-level Entity Name              ; svm                                             ;
; Family                             ; Cyclone II                                      ;
; Device                             ; EP2C20Q240C8                                    ;
; Timing Models                      ; Final                                           ;
; Total logic elements               ; 3,335 / 18,752 ( 18 % )                         ;
;     Total combinational functions  ; 2,883 / 18,752 ( 15 % )                         ;
;     Dedicated logic registers      ; 2,098 / 18,752 ( 11 % )                         ;
; Total registers                    ; 2098                                            ;
; Total pins                         ; 43 / 142 ( 30 % )                               ;
; Total virtual pins                 ; 0                                               ;
; Total memory bits                  ; 31,760 / 239,616 ( 13 % )                       ;
; Embedded Multiplier 9-bit elements ; 4 / 52 ( 8 % )                                  ;
; Total PLLs                         ; 0 / 4 ( 0 % )                                   ;
+------------------------------------+-------------------------------------------------+


+-----------------------------------------+
; Flow Settings                           ;
+-------------------+---------------------+
; Option            ; Setting             ;
+-------------------+---------------------+
; Start date & time ; 08/27/2019 14:39:31 ;
; Main task         ; Compilation         ;
; Revision Name     ; svm                 ;
+-------------------+---------------------+


+---------------------------------------------------------------------------------------------------------------------------------+
; Flow Non-Default Global Settings                                                                                                ;
+-------------------------------------+---------------------------------------+---------------+-------------+---------------------+
; Assignment Name                     ; Value                                 ; Default Value ; Entity Name ; Section Id          ;
+-------------------------------------+---------------------------------------+---------------+-------------+---------------------+
; COMPILER_SIGNATURE_ID               ; 119655514584.156690597101004          ; --            ; --          ; --                  ;
; CYCLONEII_OPTIMIZATION_TECHNIQUE    ; Speed                                 ; Balanced      ; --          ; --                  ;
; EDA_OUTPUT_DATA_FORMAT              ; Verilog Hdl                           ; --            ; --          ; eda_simulation      ;
; EDA_OUTPUT_DATA_FORMAT              ; Verilog Hdl                           ; --            ; --          ; eda_timing_analysis ;
; EDA_SIMULATION_TOOL                 ; ModelSim-Altera (Verilog)             ; <None>        ; --          ; --                  ;
; EDA_TIME_SCALE                      ; 1 ps                                  ; --            ; --          ; eda_simulation      ;
; EDA_TIME_SCALE                      ; 10 us                                 ; --            ; --          ; eda_timing_analysis ;
; EDA_TIMING_ANALYSIS_TOOL            ; PrimeTime (Verilog)                   ; <None>        ; --          ; --                  ;
; ENABLE_CLOCK_LATENCY                ; On                                    ; Off           ; --          ; --                  ;
; FITTER_EFFORT                       ; Standard Fit                          ; Auto Fit      ; --          ; --                  ;
; FMAX_REQUIREMENT                    ; 10 MHz                                ; --            ; --          ; --                  ;
; IP_TOOL_NAME                        ; ROM: 1-PORT                           ; --            ; --          ; --                  ;
; IP_TOOL_NAME                        ; In-System Sources and Probes          ; --            ; --          ; --                  ;
; IP_TOOL_NAME                        ; ALTPLL                                ; --            ; --          ; --                  ;
; IP_TOOL_NAME                        ; LPM_MUX                               ; --            ; --          ; --                  ;
; IP_TOOL_VERSION                     ; 9.1                                   ; --            ; --          ; --                  ;
; IP_TOOL_VERSION                     ; 9.1                                   ; --            ; --          ; --                  ;
; IP_TOOL_VERSION                     ; 13.0                                  ; --            ; --          ; --                  ;
; IP_TOOL_VERSION                     ; 9.1                                   ; --            ; --          ; --                  ;
; MAX_CORE_JUNCTION_TEMP              ; 85                                    ; --            ; --          ; --                  ;
; MIN_CORE_JUNCTION_TEMP              ; 0                                     ; --            ; --          ; --                  ;
; MISC_FILE                           ; sind_60_shift_left_15.tdf             ; --            ; --          ; --                  ;
; MISC_FILE                           ; sind_60_shift_left_15.bsf             ; --            ; --          ; --                  ;
; MISC_FILE                           ; sind_60_shift_left_15.inc             ; --            ; --          ; --                  ;
; MISC_FILE                           ; prob3.tdf                             ; --            ; --          ; --                  ;
; MISC_FILE                           ; prob3.bsf                             ; --            ; --          ; --                  ;
; MISC_FILE                           ; prob3.inc                             ; --            ; --          ; --                  ;
; MISC_FILE                           ; pll0.bsf                              ; --            ; --          ; --                  ;
; MISC_FILE                           ; pll0.inc                              ; --            ; --          ; --                  ;
; MISC_FILE                           ; pll0.ppf                              ; --            ; --          ; --                  ;
; MISC_FILE                           ; muxx.bsf                              ; --            ; --          ; --                  ;
; MISC_FILE                           ; muxx.inc                              ; --            ; --          ; --                  ;
; PARTITION_COLOR                     ; 16764057                              ; --            ; --          ; Top                 ;
; PARTITION_FITTER_PRESERVATION_LEVEL ; PLACEMENT_AND_ROUTING                 ; --            ; --          ; Top                 ;
; PARTITION_NETLIST_TYPE              ; SOURCE                                ; --            ; --          ; Top                 ;
; POWER_BOARD_THERMAL_MODEL           ; None (CONSERVATIVE)                   ; --            ; --          ; --                  ;
; POWER_PRESET_COOLING_SOLUTION       ; 23 MM HEAT SINK WITH 200 LFPM AIRFLOW ; --            ; --          ; --                  ;
; SEARCH_PATH                         ; ./                                    ; --            ; --          ; --                  ;
; SEARCH_PATH                         ; nco-library/                          ; --            ; --          ; --                  ;
; SEARCH_PATH                         ; fft-library/                          ; --            ; --          ; --                  ;
; USE_GENERATED_PHYSICAL_CONSTRAINTS  ; Off                                   ; --            ; --          ; eda_blast_fpga      ;
+-------------------------------------+---------------------------------------+---------------+-------------+---------------------+


+-------------------------------------------------------------------------------------------------------------------------------+
; Flow Elapsed Time                                                                                                             ;
+---------------------------+--------------+-------------------------+---------------------+------------------------------------+
; Module Name               ; Elapsed Time ; Average Processors Used ; Peak Virtual Memory ; Total CPU Time (on all processors) ;
+---------------------------+--------------+-------------------------+---------------------+------------------------------------+
; Analysis & Synthesis      ; 00:00:11     ; 1.0                     ; 602 MB              ; 00:00:11                           ;
; Fitter                    ; 00:00:14     ; 1.2                     ; 1198 MB             ; 00:00:20                           ;
; Assembler                 ; 00:00:02     ; 1.0                     ; 451 MB              ; 00:00:01                           ;
; TimeQuest Timing Analyzer ; 00:00:04     ; 1.0                     ; 565 MB              ; 00:00:03                           ;
; EDA Netlist Writer        ; 00:00:02     ; 1.0                     ; 460 MB              ; 00:00:02                           ;
; Total                     ; 00:00:33     ; --                      ; --                  ; 00:00:37                           ;
+---------------------------+--------------+-------------------------+---------------------+------------------------------------+


+----------------------------------------------------------------------------------------+
; Flow OS Summary                                                                        ;
+---------------------------+------------------+-----------+------------+----------------+
; Module Name               ; Machine Hostname ; OS Name   ; OS Version ; Processor type ;
+---------------------------+------------------+-----------+------------+----------------+
; Analysis & Synthesis      ; DESKTOP-656OBOJ  ; Windows 7 ; 6.2        ; x86_64         ;
; Fitter                    ; DESKTOP-656OBOJ  ; Windows 7 ; 6.2        ; x86_64         ;
; Assembler                 ; DESKTOP-656OBOJ  ; Windows 7 ; 6.2        ; x86_64         ;
; TimeQuest Timing Analyzer ; DESKTOP-656OBOJ  ; Windows 7 ; 6.2        ; x86_64         ;
; EDA Netlist Writer        ; DESKTOP-656OBOJ  ; Windows 7 ; 6.2        ; x86_64         ;
+---------------------------+------------------+-----------+------------+----------------+


------------
; Flow Log ;
------------
quartus_map --read_settings_files=on --write_settings_files=off svm -c svm
quartus_fit --read_settings_files=off --write_settings_files=off svm -c svm
quartus_asm --read_settings_files=off --write_settings_files=off svm -c svm
quartus_sta svm -c svm
quartus_eda --read_settings_files=off --write_settings_files=off svm -c svm



